<?xml version="1.0" encoding="UTF-8"?>
<testsuite xmlns:xsi="http://www.w3.org/2001/XMLSchema-instance" xsi:schemaLocation="https://maven.apache.org/surefire/maven-surefire-plugin/xsd/surefire-test-report.xsd" name="testing.TestRunner" time="9.274" tests="0" errors="0" skipped="0" failures="0">
  <properties>
    <property name="java.vendor" value="AdoptOpenJDK"/>
    <property name="osgi.bundles.defaultStartLevel" value="4"/>
    <property name="org.eclipse.debug.ui.breakpoints.toggleFactoriesUsed" value="false"/>
    <property name="org.osgi.supports.framework.extension" value="true"/>
    <property name="sun.management.compiler" value="HotSpot 64-Bit Tiered Compilers"/>
    <property name="eclipse.p2.profile" value="DefaultProfile"/>
    <property name="os.name" value="Mac OS X"/>
    <property name="sun.boot.class.path" value="/Applications/AnypointStudio.app/Contents/Eclipse/plugins/org.mule.tooling.jdk.macosx.x86_64_1.0.0.202004281356/Contents/Home/jre/lib/resources.jar:/Applications/AnypointStudio.app/Contents/Eclipse/plugins/org.mule.tooling.jdk.macosx.x86_64_1.0.0.202004281356/Contents/Home/jre/lib/rt.jar:/Applications/AnypointStudio.app/Contents/Eclipse/plugins/org.mule.tooling.jdk.macosx.x86_64_1.0.0.202004281356/Contents/Home/jre/lib/sunrsasign.jar:/Applications/AnypointStudio.app/Contents/Eclipse/plugins/org.mule.tooling.jdk.macosx.x86_64_1.0.0.202004281356/Contents/Home/jre/lib/jsse.jar:/Applications/AnypointStudio.app/Contents/Eclipse/plugins/org.mule.tooling.jdk.macosx.x86_64_1.0.0.202004281356/Contents/Home/jre/lib/jce.jar:/Applications/AnypointStudio.app/Contents/Eclipse/plugins/org.mule.tooling.jdk.macosx.x86_64_1.0.0.202004281356/Contents/Home/jre/lib/charsets.jar:/Applications/AnypointStudio.app/Contents/Eclipse/plugins/org.mule.tooling.jdk.macosx.x86_64_1.0.0.202004281356/Contents/Home/jre/lib/jfr.jar:/Applications/AnypointStudio.app/Contents/Eclipse/plugins/org.mule.tooling.jdk.macosx.x86_64_1.0.0.202004281356/Contents/Home/jre/classes"/>
    <property name="tooling.client.ExtensionModelServiceCache.diskStore.path" value="/Users/vikaspuri/AnypointStudio/final/njc/.mule/plugins-tmp/repository"/>
    <property name="osgi.ws" value="cocoa"/>
    <property name="java.vm.specification.vendor" value="Oracle Corporation"/>
    <property name="java.runtime.version" value="1.8.0_232-b09"/>
    <property name="osgi.instance.area" value="file:/Users/vikaspuri/AnypointStudio/final/njc/"/>
    <property name="org.osgi.framework.uuid" value="b5adac8b-7bbc-4151-8b1c-75eae7c3d7c5"/>
    <property name="https.protocols" value="TLSv1.2,TLSv1.1,TLSv1"/>
    <property name="tooling.concurrent.local.repository.enabled" value="false"/>
    <property name="user.name" value="vikaspuri"/>
    <property name="osgi.framework.extensions" value="reference:file:org.eclipse.osgi.compatibility.state_1.1.700.v20200207-2156.jar"/>
    <property name="org.osgi.framework.system.packages" value="java.applet,java.awt,java.awt.color,java.awt.datatransfer,java.awt.dnd,java.awt.event,java.awt.font,java.awt.geom,java.awt.im,java.awt.im.spi,java.awt.image,java.awt.image.renderable,java.awt.print,java.beans,java.beans.beancontext,java.io,java.lang,java.lang.annotation,java.lang.instrument,java.lang.invoke,java.lang.management,java.lang.ref,java.lang.reflect,java.math,java.net,java.nio,java.nio.channels,java.nio.channels.spi,java.nio.charset,java.nio.charset.spi,java.nio.file,java.nio.file.attribute,java.nio.file.spi,java.rmi,java.rmi.activation,java.rmi.dgc,java.rmi.registry,java.rmi.server,java.security,java.security.acl,java.security.cert,java.security.interfaces,java.security.spec,java.sql,java.text,java.text.spi,java.time,java.time.chrono,java.time.format,java.time.temporal,java.time.zone,java.util,java.util.concurrent,java.util.concurrent.atomic,java.util.concurrent.locks,java.util.function,java.util.jar,java.util.logging,java.util.prefs,java.util.regex,java.util.spi,java.util.stream,java.util.zip,javax.accessibility,javax.activation,javax.activity,javax.annotation,javax.annotation.processing,javax.crypto,javax.crypto.interfaces,javax.crypto.spec,javax.imageio,javax.imageio.event,javax.imageio.metadata,javax.imageio.plugins.bmp,javax.imageio.plugins.jpeg,javax.imageio.spi,javax.imageio.stream,javax.jws,javax.jws.soap,javax.lang.model,javax.lang.model.element,javax.lang.model.type,javax.lang.model.util,javax.management,javax.management.loading,javax.management.modelmbean,javax.management.monitor,javax.management.openmbean,javax.management.relation,javax.management.remote,javax.management.remote.rmi,javax.management.timer,javax.naming,javax.naming.directory,javax.naming.event,javax.naming.ldap,javax.naming.spi,javax.net,javax.net.ssl,javax.print,javax.print.attribute,javax.print.attribute.standard,javax.print.event,javax.rmi,javax.rmi.CORBA,javax.rmi.ssl,javax.script,javax.security.auth,javax.security.auth.callback,javax.security.auth.kerberos,javax.security.auth.login,javax.security.auth.spi,javax.security.auth.x500,javax.security.cert,javax.security.sasl,javax.sound.midi,javax.sound.midi.spi,javax.sound.sampled,javax.sound.sampled.spi,javax.sql,javax.sql.rowset,javax.sql.rowset.serial,javax.sql.rowset.spi,javax.swing,javax.swing.border,javax.swing.colorchooser,javax.swing.event,javax.swing.filechooser,javax.swing.plaf,javax.swing.plaf.basic,javax.swing.plaf.metal,javax.swing.plaf.multi,javax.swing.plaf.nimbus,javax.swing.plaf.synth,javax.swing.table,javax.swing.text,javax.swing.text.html,javax.swing.text.html.parser,javax.swing.text.rtf,javax.swing.tree,javax.swing.undo,javax.tools,javax.transaction,javax.transaction.xa,javax.xml,javax.xml.bind,javax.xml.bind.annotation,javax.xml.bind.annotation.adapters,javax.xml.bind.attachment,javax.xml.bind.helpers,javax.xml.bind.util,javax.xml.crypto,javax.xml.crypto.dom,javax.xml.crypto.dsig,javax.xml.crypto.dsig.dom,javax.xml.crypto.dsig.keyinfo,javax.xml.crypto.dsig.spec,javax.xml.datatype,javax.xml.namespace,javax.xml.parsers,javax.xml.soap,javax.xml.stream,javax.xml.stream.events,javax.xml.stream.util,javax.xml.transform,javax.xml.transform.dom,javax.xml.transform.sax,javax.xml.transform.stax,javax.xml.transform.stream,javax.xml.validation,javax.xml.ws,javax.xml.ws.handler,javax.xml.ws.handler.soap,javax.xml.ws.http,javax.xml.ws.soap,javax.xml.ws.spi,javax.xml.ws.spi.http,javax.xml.ws.wsaddressing,javax.xml.xpath,org.ietf.jgss,org.omg.CORBA,org.omg.CORBA_2_3,org.omg.CORBA_2_3.portable,org.omg.CORBA.DynAnyPackage,org.omg.CORBA.ORBPackage,org.omg.CORBA.portable,org.omg.CORBA.TypeCodePackage,org.omg.CosNaming,org.omg.CosNaming.NamingContextExtPackage,org.omg.CosNaming.NamingContextPackage,org.omg.Dynamic,org.omg.DynamicAny,org.omg.DynamicAny.DynAnyFactoryPackage,org.omg.DynamicAny.DynAnyPackage,org.omg.IOP,org.omg.IOP.CodecFactoryPackage,org.omg.IOP.CodecPackage,org.omg.Messaging,org.omg.PortableInterceptor,org.omg.PortableInterceptor.ORBInitInfoPackage,org.omg.PortableServer,org.omg.PortableServer.CurrentPackage,org.omg.PortableServer.POAManagerPackage,org.omg.PortableServer.POAPackage,org.omg.PortableServer.portable,org.omg.PortableServer.ServantLocatorPackage,org.omg.SendingContext,org.omg.stub.java.rmi,org.w3c.dom,org.w3c.dom.bootstrap,org.w3c.dom.css,org.w3c.dom.events,org.w3c.dom.html,org.w3c.dom.ls,org.w3c.dom.ranges,org.w3c.dom.stylesheets,org.w3c.dom.traversal,org.w3c.dom.views,org.w3c.dom.xpath,org.xml.sax,org.xml.sax.ext,org.xml.sax.helpers"/>
    <property name="eclipse.launcher" value="/Applications/AnypointStudio.app/Contents/MacOS/AnypointStudio"/>
    <property name="eclipse.launcher.name" value="AnypointStudio"/>
    <property name="osgi.frameworkClassPath" value="., file:/Applications/AnypointStudio.app/Contents/Eclipse/plugins/org.eclipse.osgi.compatibility.state_1.1.700.v20200207-2156.jar"/>
    <property name="org.eclipse.swt.internal.deviceZoom" value="100"/>
    <property name="equinox.use.ds" value="true"/>
    <property name="org.osgi.framework.language" value="en"/>
    <property name="user.language" value="en"/>
    <property name="org.osgi.framework.processor" value="x86-64"/>
    <property name="osgi.syspath" value="/Applications/AnypointStudio.app/Contents/Eclipse/plugins"/>
    <property name="osgi.compatibility.bootdelegation.default" value="true"/>
    <property name="sun.boot.library.path" value="/Applications/AnypointStudio.app/Contents/Eclipse/plugins/org.mule.tooling.jdk.macosx.x86_64_1.0.0.202004281356/Contents/Home/jre/lib"/>
    <property name="org.osgi.framework.system.capabilities" value="osgi.ee; osgi.ee=&quot;OSGi/Minimum&quot;; version:List&lt;Version&gt;=&quot;1.0, 1.1, 1.2&quot;,osgi.ee; osgi.ee=&quot;JRE&quot;; version:List&lt;Version&gt;=&quot;1.0, 1.1&quot;,osgi.ee; osgi.ee=&quot;JavaSE&quot;; version:List&lt;Version&gt;=&quot;1.0, 1.1, 1.2, 1.3, 1.4, 1.5, 1.6, 1.7, 1.8&quot;,osgi.ee; osgi.ee=&quot;JavaSE/compact1&quot;; version:List&lt;Version&gt;=&quot;1.8&quot;,osgi.ee; osgi.ee=&quot;JavaSE/compact2&quot;; version:List&lt;Version&gt;=&quot;1.8&quot;,osgi.ee; osgi.ee=&quot;JavaSE/compact3&quot;; version:List&lt;Version&gt;=&quot;1.8&quot;"/>
    <property name="org.mule.tooling.runtime.args" value="-XX:-UseBiasedLocking,-Dfile.encoding=UTF-8,-XX:+UseG1GC,-XX:+UseStringDeduplication"/>
    <property name="osgi.compatibility.bootdelegation" value="true"/>
    <property name="java.version" value="1.8.0_232"/>
    <property name="org.osgi.framework.os.name" value="MacOSX"/>
    <property name="user.timezone" value="Europe/London"/>
    <property name="sun.arch.data.model" value="64"/>
    <property name="osgi.bundles" value="reference:file:org.eclipse.osgi.compatibility.state_1.1.700.v20200207-2156.jar,reference:file:org.eclipse.equinox.simpleconfigurator_1.3.500.v20200211-1505.jar@1:start"/>
    <property name="java.endorsed.dirs" value="/Applications/AnypointStudio.app/Contents/Eclipse/plugins/org.mule.tooling.jdk.macosx.x86_64_1.0.0.202004281356/Contents/Home/jre/lib/endorsed"/>
    <property name="osgi.tracefile" value="/Users/vikaspuri/AnypointStudio/final/njc/.metadata/trace.log"/>
    <property name="sun.cpu.isalist" value=""/>
    <property name="sun.jnu.encoding" value="UTF-8"/>
    <property name="eclipse.application" value="org.eclipse.ui.ide.workbench"/>
    <property name="mule.testingMode" value="true"/>
    <property name="file.encoding.pkg" value="sun.io"/>
    <property name="org.osgi.framework.vendor" value="Eclipse"/>
    <property name="equinox.init.uuid" value="true"/>
    <property name="file.separator" value="/"/>
    <property name="java.specification.name" value="Java Platform API Specification"/>
    <property name="java.class.version" value="52.0"/>
    <property name="user.country" value="IN"/>
    <property name="org.eclipse.equinox.launcher.splash.location" value="/Applications/AnypointStudio.app/Contents/Eclipse/configuration/org.eclipse.equinox.launcher/org.mule.tooling.branding_7.6.0.202007242349/splash.bmp"/>
    <property name="java.home" value="/Applications/AnypointStudio.app/Contents/Eclipse/plugins/org.mule.tooling.jdk.macosx.x86_64_1.0.0.202004281356/Contents/Home/jre"/>
    <property name="osgi.os" value="macosx"/>
    <property name="eclipse.commands" value="-os&#10;macosx&#10;-ws&#10;cocoa&#10;-arch&#10;x86_64&#10;-showsplash&#10;-launcher&#10;/Applications/AnypointStudio.app/Contents/MacOS/AnypointStudio&#10;-name&#10;AnypointStudio&#10;--launcher.library&#10;/Applications/AnypointStudio.app/Contents/MacOS//../Eclipse/plugins/org.eclipse.equinox.launcher.cocoa.macosx.x86_64_1.1.1100.v20190907-0426/eclipse_1902.so&#10;-startup&#10;/Applications/AnypointStudio.app/Contents/MacOS//../Eclipse/plugins/org.eclipse.equinox.launcher_1.5.700.v20200207-2156.jar&#10;--launcher.overrideVmargs&#10;-keyring&#10;/Users/vikaspuri/.eclipse_keyring&#10;-vm&#10;/Applications/AnypointStudio.app/Contents/Eclipse/plugins/org.mule.tooling.jdk.macosx.x86_64_1.0.0.202004281356/Contents/Home/bin/../jre/lib/server/libjvm.dylib&#10;"/>
    <property name="java.vm.info" value="mixed mode"/>
    <property name="osgi.splashLocation" value="/Applications/AnypointStudio.app/Contents/Eclipse/configuration/org.eclipse.equinox.launcher/org.mule.tooling.branding_7.6.0.202007242349/splash.bmp"/>
    <property name="os.version" value="10.15.6"/>
    <property name="osgi.arch" value="x86_64"/>
    <property name="jdk.http.auth.tunneling.disabledSchemes" value=""/>
    <property name="sun.font.fontmanager" value="sun.font.CFontManager"/>
    <property name="path.separator" value=":"/>
    <property name="java.vm.version" value="25.232-b09"/>
    <property name="org.osgi.supports.framework.fragment" value="true"/>
    <property name="org.dom4j.factory" value="org.mule.tooling.core.sax.SAXDocumentFactoryWithLocator"/>
    <property name="osgi.framework.shape" value="jar"/>
    <property name="tooling.client.configuration.filter.parameters.reserved.names" value="false"/>
    <property name="sun.awt.enableExtraMouseButtons" value="true"/>
    <property name="java.awt.printerjob" value="sun.lwawt.macosx.CPrinterJob"/>
    <property name="osgi.instance.area.default" value="file:/Users/vikaspuri/AnypointStudio/studio-workspace/"/>
    <property name="sun.io.unicode.encoding" value="UnicodeBig"/>
    <property name="org.osgi.framework.storage" value="/Applications/AnypointStudio.app/Contents/Eclipse/configuration"/>
    <property name="org.osgi.framework.version" value="1.9.0"/>
    <property name="awt.toolkit" value="sun.lwawt.macosx.LWCToolkit"/>
    <property name="socksNonProxyHosts" value="local|*.local|169.254/16|*.169.254/16"/>
    <property name="ftp.nonProxyHosts" value="local|*.local|169.254/16|*.169.254/16"/>
    <property name="eclipse.stateSaveDelayInterval" value="30000"/>
    <property name="osgi.install.area" value="file:/Applications/AnypointStudio.app/Contents/Eclipse/"/>
    <property name="osgi.framework" value="file:/Applications/AnypointStudio.app/Contents/Eclipse/plugins/org.eclipse.osgi_3.15.200.v20200214-1600.jar"/>
    <property name="user.home" value="/Users/vikaspuri"/>
    <property name="org.eclipse.equinox.simpleconfigurator.configUrl" value="file:org.eclipse.equinox.simpleconfigurator/bundles.info"/>
    <property name="osgi.splashPath" value="platform:/base/plugins/org.mule.tooling.branding"/>
    <property name="osgi.framework.useSystemProperties" value="true"/>
    <property name="java.specification.vendor" value="Oracle Corporation"/>
    <property name="osgi.nl" value="en_IN"/>
    <property name="java.vendor.url" value="http://java.oracle.com/"/>
    <property name="java.library.path" value="/Users/vikaspuri/Library/Java/Extensions:/Library/Java/Extensions:/Network/Library/Java/Extensions:/System/Library/Java/Extensions:/usr/lib/java:."/>
    <property name="eclipse.startTime" value="1603110579899"/>
    <property name="eclipse.p2.data.area" value="@config.dir/../p2/"/>
    <property name="org.osgi.framework.os.version" value="10.15.6"/>
    <property name="gopherProxySet" value="false"/>
    <property name="java.vm.vendor" value="AdoptOpenJDK"/>
    <property name="java.runtime.name" value="OpenJDK Runtime Environment"/>
    <property name="java.class.path" value="/Applications/AnypointStudio.app/Contents/MacOS//../Eclipse/plugins/org.eclipse.equinox.launcher_1.5.700.v20200207-2156.jar"/>
    <property name="ds.delayed.keepInstances" value="true"/>
    <property name="osgi.requiredJavaVersion" value="1.7"/>
    <property name="org.eclipse.update.reconcile" value="false"/>
    <property name="eclipse.vm" value="/Applications/AnypointStudio.app/Contents/Eclipse/plugins/org.mule.tooling.jdk.macosx.x86_64_1.0.0.202004281356/Contents/Home/bin/../jre/lib/server/libjvm.dylib"/>
    <property name="java.vm.specification.name" value="Java Virtual Machine Specification"/>
    <property name="java.vm.specification.version" value="1.8"/>
    <property name="equinox.resolver.revision.batch.size" value="1"/>
    <property name="sun.os.patch.level" value="unknown"/>
    <property name="org.eclipse.swt.internal.carbon.smallFonts" value=""/>
    <property name="sun.cpu.endian" value="little"/>
    <property name="java.awt.headless" value="true"/>
    <property name="gosh.args" value="--nointeractive"/>
    <property name="java.io.tmpdir" value="/var/folders/br/7k3qgz795qb8txbqggp0g2p80000gn/T/"/>
    <property name="org.mule.tooling.runtime.proxyVmArgs" value="-Dcom.ning.http.client.AsyncHttpClientConfig.useProxyProperties=true"/>
    <property name="java.vendor.url.bug" value="http://bugreport.sun.com/bugreport/"/>
    <property name="applicationXMI" value="org.eclipse.ui.workbench/LegacyIDE.e4xmi"/>
    <property name="eclipse.product" value="org.mule.tooling.branding.mulestudio"/>
    <property name="eclipse.home.location" value="file:/Applications/AnypointStudio.app/Contents/Eclipse/"/>
    <property name="java.awt.graphicsenv" value="sun.awt.CGraphicsEnvironment"/>
    <property name="os.arch" value="x86_64"/>
    <property name="java.ext.dirs" value="/Users/vikaspuri/Library/Java/Extensions:/Applications/AnypointStudio.app/Contents/Eclipse/plugins/org.mule.tooling.jdk.macosx.x86_64_1.0.0.202004281356/Contents/Home/jre/lib/ext:/Library/Java/Extensions:/Network/Library/Java/Extensions:/System/Library/Java/Extensions:/usr/lib/java"/>
    <property name="user.dir" value="/Applications/AnypointStudio.app/Contents/MacOS"/>
    <property name="org.osgi.supports.framework.requirebundle" value="true"/>
    <property name="line.separator" value="&#10;"/>
    <property name="java.vm.name" value="OpenJDK 64-Bit Server VM"/>
    <property name="mule.studio" value="true"/>
    <property name="org.mule.tooling.client.usecache" value="true"/>
    <property name="file.encoding" value="UTF-8"/>
    <property name="eclipse.vmargs" value="-Xms512m&#10;-Xmx1024m&#10;-XX:+UseG1GC&#10;-XX:+UseStringDeduplication&#10;-Dosgi.instance.area.default=@user.home/AnypointStudio/studio-workspace&#10;-Dhttps.protocols=TLSv1.2,TLSv1.1,TLSv1&#10;-Dsun.zip.disableMemoryMapping=true&#10;-Dequinox.resolver.revision.batch.size=1&#10;-Dmule.testingMode=true&#10;-Dorg.mule.tooling.runtime.args=-XX:-UseBiasedLocking,-Dfile.encoding=UTF-8,-XX:+UseG1GC,-XX:+UseStringDeduplication&#10;-Dorg.mule.tooling.runtime.proxyVmArgs=-Dcom.ning.http.client.AsyncHttpClientConfig.useProxyProperties=true&#10;-Djdk.http.auth.tunneling.disabledSchemes=&#10;-XX:ErrorFile=./studio_crash_report.log&#10;-Dorg.mule.tooling.client.usecache=true&#10;-Dtooling.concurrent.local.repository.enabled=false&#10;-Dtooling.client.configuration.filter.parameters.reserved.names=false&#10;-Dfile.encoding=UTF-8&#10;-Djava.awt.headless=true&#10;-XstartOnFirstThread&#10;-Dorg.eclipse.swt.internal.carbon.smallFonts&#10;-Djava.class.path=/Applications/AnypointStudio.app/Contents/MacOS//../Eclipse/plugins/org.eclipse.equinox.launcher_1.5.700.v20200207-2156.jar&#10;"/>
    <property name="java.specification.version" value="1.8"/>
    <property name="org.osgi.framework.executionenvironment" value="OSGi/Minimum-1.0,OSGi/Minimum-1.1,OSGi/Minimum-1.2,JavaSE/compact1-1.8,JavaSE/compact2-1.8,JavaSE/compact3-1.8,JRE-1.1,J2SE-1.2,J2SE-1.3,J2SE-1.4,J2SE-1.5,JavaSE-1.6,JavaSE-1.7,JavaSE-1.8"/>
    <property name="osgi.configuration.area" value="file:/Applications/AnypointStudio.app/Contents/Eclipse/configuration/"/>
    <property name="osgi.logfile" value="/Users/vikaspuri/AnypointStudio/final/njc/.metadata/.log"/>
  </properties>
</testsuite>